0 info it worked if it ends with ok
1 verbose cli [ '/usr/local/bin/node',
1 verbose cli   '/usr/local/bin/npm',
1 verbose cli   'install',
1 verbose cli   '--save',
1 verbose cli   'base64' ]
2 info using npm@2.15.1
3 info using node@v4.4.4
4 verbose config Skipping project config: /Users/iobg/.npmrc. (matches userconfig)
5 verbose install initial load of /Users/iobg/package.json
6 verbose installManyTop reading scoped package data from /Users/iobg/node_modules/angular-modal/package.json
7 verbose installManyTop reading scoped package data from /Users/iobg/node_modules/bootstrap/package.json
8 verbose installManyTop reading scoped package data from /Users/iobg/node_modules/bower/package.json
9 verbose installManyTop reading scoped package data from /Users/iobg/node_modules/express/package.json
10 verbose installManyTop reading scoped package data from /Users/iobg/node_modules/gulp/package.json
11 verbose installManyTop reading scoped package data from /Users/iobg/node_modules/handlebars/package.json
12 verbose installManyTop reading scoped package data from /Users/iobg/node_modules/http-server/package.json
13 verbose installManyTop reading scoped package data from /Users/iobg/node_modules/jasmine-core/package.json
14 verbose installManyTop reading scoped package data from /Users/iobg/node_modules/jquery/package.json
15 verbose installManyTop reading scoped package data from /Users/iobg/node_modules/karma/package.json
16 verbose installManyTop reading scoped package data from /Users/iobg/node_modules/karma-chrome-launcher/package.json
17 verbose installManyTop reading scoped package data from /Users/iobg/node_modules/karma-jasmine/package.json
18 verbose installManyTop reading scoped package data from /Users/iobg/node_modules/lol/package.json
19 verbose installManyTop reading scoped package data from /Users/iobg/node_modules/midijs/package.json
20 verbose installManyTop reading scoped package data from /Users/iobg/node_modules/missing/package.json
21 verbose installManyTop reading scoped package data from /Users/iobg/node_modules/normalize.css/package.json
22 verbose installManyTop reading scoped package data from /Users/iobg/node_modules/nyan/package.json
23 verbose installManyTop reading scoped package data from /Users/iobg/node_modules/uniq/package.json
24 info package.json karma-jasmine@1.0.2 No README data
25 info package.json karma@1.1.1 No README data
26 info package.json lol@1.0.101-lol No license field.
27 verbose readDependencies loading dependencies from /Users/iobg/package.json
28 silly cache add args [ 'base64', null ]
29 verbose cache add spec base64
30 silly cache add parsed spec Result {
30 silly cache add   raw: 'base64',
30 silly cache add   scope: null,
30 silly cache add   name: 'base64',
30 silly cache add   rawSpec: '',
30 silly cache add   spec: 'latest',
30 silly cache add   type: 'tag' }
31 silly addNamed base64@latest
32 verbose addNamed "latest" is being treated as a dist-tag for base64
33 info addNameTag [ 'base64', 'latest' ]
34 silly mapToRegistry name base64
35 silly mapToRegistry using default registry
36 silly mapToRegistry registry https://registry.npmjs.org/
37 silly mapToRegistry data Result {
37 silly mapToRegistry   raw: 'base64',
37 silly mapToRegistry   scope: null,
37 silly mapToRegistry   name: 'base64',
37 silly mapToRegistry   rawSpec: '',
37 silly mapToRegistry   spec: 'latest',
37 silly mapToRegistry   type: 'tag' }
38 silly mapToRegistry uri https://registry.npmjs.org/base64
39 verbose addNameTag registry:https://registry.npmjs.org/base64 not in flight; fetching
40 verbose request uri https://registry.npmjs.org/base64
41 verbose request no auth needed
42 info attempt registry request try #1 at 1:30:34 PM
43 verbose request id 3ef124e891e7ab87
44 http request GET https://registry.npmjs.org/base64
45 http 200 https://registry.npmjs.org/base64
46 verbose headers { server: 'CouchDB/1.5.0 (Erlang OTP/R16B03)',
46 verbose headers   etag: '"2HUBENGYKYW770NDYMFRC95I0"',
46 verbose headers   'content-type': 'application/json',
46 verbose headers   'content-encoding': 'gzip',
46 verbose headers   'cache-control': 'max-age=300',
46 verbose headers   'content-length': '2484',
46 verbose headers   'accept-ranges': 'bytes',
46 verbose headers   date: 'Wed, 03 Aug 2016 18:30:34 GMT',
46 verbose headers   via: '1.1 varnish',
46 verbose headers   age: '0',
46 verbose headers   connection: 'keep-alive',
46 verbose headers   'x-served-by': 'cache-atl6229-ATL',
46 verbose headers   'x-cache': 'MISS',
46 verbose headers   'x-cache-hits': '0',
46 verbose headers   'x-timer': 'S1470249034.731529,VS0,VE217',
46 verbose headers   vary: 'Accept-Encoding' }
47 silly get cb [ 200,
47 silly get   { server: 'CouchDB/1.5.0 (Erlang OTP/R16B03)',
47 silly get     etag: '"2HUBENGYKYW770NDYMFRC95I0"',
47 silly get     'content-type': 'application/json',
47 silly get     'content-encoding': 'gzip',
47 silly get     'cache-control': 'max-age=300',
47 silly get     'content-length': '2484',
47 silly get     'accept-ranges': 'bytes',
47 silly get     date: 'Wed, 03 Aug 2016 18:30:34 GMT',
47 silly get     via: '1.1 varnish',
47 silly get     age: '0',
47 silly get     connection: 'keep-alive',
47 silly get     'x-served-by': 'cache-atl6229-ATL',
47 silly get     'x-cache': 'MISS',
47 silly get     'x-cache-hits': '0',
47 silly get     'x-timer': 'S1470249034.731529,VS0,VE217',
47 silly get     vary: 'Accept-Encoding' } ]
48 verbose get saving base64 to /Users/iobg/.npm/registry.npmjs.org/base64/.cache.json
49 verbose correctMkdir /Users/iobg/.npm correctMkdir not in flight; initializing
50 silly addNameTag next cb for base64 with tag latest
51 silly addNamed base64@2.1.0
52 verbose addNamed "2.1.0" is a plain semver version for base64
53 silly mapToRegistry name base64
54 silly mapToRegistry using default registry
55 silly mapToRegistry registry https://registry.npmjs.org/
56 silly mapToRegistry data Result {
56 silly mapToRegistry   raw: 'base64',
56 silly mapToRegistry   scope: null,
56 silly mapToRegistry   name: 'base64',
56 silly mapToRegistry   rawSpec: '',
56 silly mapToRegistry   spec: 'latest',
56 silly mapToRegistry   type: 'tag' }
57 silly mapToRegistry uri https://registry.npmjs.org/base64
58 verbose addRemoteTarball https://registry.npmjs.org/base64/-/base64-2.1.0.tgz not in flight; adding
59 verbose addRemoteTarball [ 'https://registry.npmjs.org/base64/-/base64-2.1.0.tgz',
59 verbose addRemoteTarball   'c2663daf069203b758fb12b91c516fae87963314' ]
60 info retry fetch attempt 1 at 1:30:35 PM
61 info attempt registry request try #1 at 1:30:35 PM
62 http fetch GET https://registry.npmjs.org/base64/-/base64-2.1.0.tgz
63 http fetch 200 https://registry.npmjs.org/base64/-/base64-2.1.0.tgz
64 silly fetchAndShaCheck shasum c2663daf069203b758fb12b91c516fae87963314
65 verbose addTmpTarball /var/folders/5l/mfvj5w3n7pv87k0hyjm5hbn80000gn/T/npm-19597-2f17b4be/registry.npmjs.org/base64/-/base64-2.1.0.tgz not in flight; adding
66 verbose addTmpTarball already have metadata; skipping unpack for base64@2.1.0
67 verbose correctMkdir /Users/iobg/.npm correctMkdir not in flight; initializing
68 silly cache afterAdd base64@2.1.0
69 verbose afterAdd /Users/iobg/.npm/base64/2.1.0/package/package.json not in flight; writing
70 verbose correctMkdir /Users/iobg/.npm correctMkdir not in flight; initializing
71 verbose afterAdd /Users/iobg/.npm/base64/2.1.0/package/package.json written
72 silly install resolved [ { name: 'base64',
72 silly install resolved     version: '2.1.0',
72 silly install resolved     main: 'base64',
72 silly install resolved     description: 'A C++ module for node-js that does base64 encoding and decoding.',
72 silly install resolved     keywords:
72 silly install resolved      [ 'base conversion',
72 silly install resolved        'base64',
72 silly install resolved        'base64 encode',
72 silly install resolved        'base64 decode',
72 silly install resolved        'base64_encode',
72 silly install resolved        'base64_decode',
72 silly install resolved        'encode',
72 silly install resolved        'decode' ],
72 silly install resolved     author:
72 silly install resolved      { name: 'Peteris Krumins',
72 silly install resolved        email: 'peteris.krumins@gmail.com',
72 silly install resolved        url: 'http://www.catonmat.net' },
72 silly install resolved     contributors: [ [Object] ],
72 silly install resolved     license: 'MIT',
72 silly install resolved     repository:
72 silly install resolved      { type: 'git',
72 silly install resolved        url: 'http://github.com/pkrumins/node-base64.git' },
72 silly install resolved     directories: { tests: 'tests' },
72 silly install resolved     engines: { node: '>=0.8.0' },
72 silly install resolved     scripts: { install: 'node-gyp rebuild' },
72 silly install resolved     gypfile: true,
72 silly install resolved     _id: 'base64@2.1.0',
72 silly install resolved     dist:
72 silly install resolved      { shasum: 'c2663daf069203b758fb12b91c516fae87963314',
72 silly install resolved        tarball: 'https://registry.npmjs.org/base64/-/base64-2.1.0.tgz' },
72 silly install resolved     _from: 'base64@latest',
72 silly install resolved     _npmVersion: '1.2.14',
72 silly install resolved     _npmUser: { name: 'pkrumins', email: 'peteris.krumins@gmail.com' },
72 silly install resolved     maintainers: [ [Object] ],
72 silly install resolved     _shasum: 'c2663daf069203b758fb12b91c516fae87963314',
72 silly install resolved     _resolved: 'https://registry.npmjs.org/base64/-/base64-2.1.0.tgz' } ]
73 info install base64@2.1.0 into /Users/iobg
74 info installOne base64@2.1.0
75 verbose installOne of base64 to /Users/iobg not in flight; installing
76 verbose correctMkdir /Users/iobg/.npm/_locks correctMkdir not in flight; initializing
77 verbose lock using /Users/iobg/.npm/_locks/base64-3a5a352a65dd45a9.lock for /Users/iobg/node_modules/base64
78 silly install write writing base64 2.1.0 to /Users/iobg/node_modules/base64
79 verbose unbuild node_modules/base64
80 silly gentlyRm /Users/iobg/node_modules/base64 is being purged from base /Users/iobg
81 verbose gentlyRm don't care about contents; nuking /Users/iobg/node_modules/base64
82 verbose tar unpack /Users/iobg/.npm/base64/2.1.0/package.tgz
83 verbose tar unpacking to /Users/iobg/node_modules/base64
84 silly gentlyRm /Users/iobg/node_modules/base64 is being purged
85 verbose gentlyRm don't care about contents; nuking /Users/iobg/node_modules/base64
86 silly gunzTarPerm modes [ '755', '644' ]
87 silly gunzTarPerm extractEntry package.json
88 silly gunzTarPerm extractEntry .npmignore
89 silly gunzTarPerm extractEntry base64.cc
90 silly gunzTarPerm extractEntry readme.txt
91 silly gunzTarPerm extractEntry test/encode.js
92 silly gunzTarPerm extractEntry test/test.sh
93 silly gunzTarPerm extractEntry test/perl-base64-encode.pl
94 silly gunzTarPerm extractEntry test/hashes.json
95 silly gunzTarPerm extractEntry test/data/data-rand-11
96 silly gunzTarPerm extractEntry test/data/data-rand-06
97 silly gunzTarPerm extractEntry test/data/data-png.png
98 silly gunzTarPerm extractEntry test/data/data-rand-09
99 silly gunzTarPerm extractEntry test/data/data-rand-08
100 silly gunzTarPerm extractEntry test/data/data-rand-05
101 silly gunzTarPerm extractEntry test/data/data-rand-03
102 silly gunzTarPerm extractEntry test/data/data-rand-10
103 silly gunzTarPerm extractEntry test/data/data-rand-13
104 silly gunzTarPerm extractEntry test/data/data-rand-14
105 silly gunzTarPerm extractEntry test/data/data-rand-20
106 silly gunzTarPerm extractEntry test/data/data-source-code.c
107 silly gunzTarPerm extractEntry test/data/data-rand-07
108 silly gunzTarPerm extractEntry test/data/data-rand-02
109 silly gunzTarPerm extractEntry test/data/data-rand-01
110 silly gunzTarPerm extractEntry test/data/data-rand-15
111 silly gunzTarPerm extractEntry test/data/data-rand-18
112 silly gunzTarPerm extractEntry test/data/data-rand-04
113 silly gunzTarPerm extractEntry test/data/data-rand-17
114 silly gunzTarPerm extractEntry test/data/data-rand-12
115 silly gunzTarPerm extractEntry test/data/data-rand-19
116 silly gunzTarPerm extractEntry test/data/data-rand-16
117 silly gunzTarPerm extractEntry package.json~
118 silly gunzTarPerm extractEntry binding.gyp
119 verbose write writing to /Users/iobg/node_modules/base64/package.json
120 info preinstall base64@2.1.0
121 verbose readDependencies loading dependencies from /Users/iobg/node_modules/base64/package.json
122 verbose readDependencies loading dependencies from /Users/iobg/node_modules/base64/package.json
123 silly install resolved []
124 verbose about to build /Users/iobg/node_modules/base64
125 info build /Users/iobg/node_modules/base64
126 info linkStuff base64@2.1.0
127 silly linkStuff base64@2.1.0 has /Users/iobg/node_modules as its parent node_modules
128 verbose linkBins base64@2.1.0
129 verbose linkMans base64@2.1.0
130 verbose rebuildBundles base64@2.1.0
131 info install base64@2.1.0
132 verbose unsafe-perm in lifecycle true
133 info base64@2.1.0 Failed to exec install script
134 verbose unlock done using /Users/iobg/.npm/_locks/base64-3a5a352a65dd45a9.lock for /Users/iobg/node_modules/base64
135 verbose stack Error: base64@2.1.0 install: `node-gyp rebuild`
135 verbose stack Exit status 1
135 verbose stack     at EventEmitter.<anonymous> (/usr/local/lib/node_modules/npm/lib/utils/lifecycle.js:217:16)
135 verbose stack     at emitTwo (events.js:87:13)
135 verbose stack     at EventEmitter.emit (events.js:172:7)
135 verbose stack     at ChildProcess.<anonymous> (/usr/local/lib/node_modules/npm/lib/utils/spawn.js:24:14)
135 verbose stack     at emitTwo (events.js:87:13)
135 verbose stack     at ChildProcess.emit (events.js:172:7)
135 verbose stack     at maybeClose (internal/child_process.js:827:16)
135 verbose stack     at Process.ChildProcess._handle.onexit (internal/child_process.js:211:5)
136 verbose pkgid base64@2.1.0
137 verbose cwd /Users/iobg/workspace/capstone
138 error Darwin 15.6.0
139 error argv "/usr/local/bin/node" "/usr/local/bin/npm" "install" "--save" "base64"
140 error node v4.4.4
141 error npm  v2.15.1
142 error code ELIFECYCLE
143 error base64@2.1.0 install: `node-gyp rebuild`
143 error Exit status 1
144 error Failed at the base64@2.1.0 install script 'node-gyp rebuild'.
144 error This is most likely a problem with the base64 package,
144 error not with npm itself.
144 error Tell the author that this fails on your system:
144 error     node-gyp rebuild
144 error You can get information on how to open an issue for this project with:
144 error     npm bugs base64
144 error Or if that isn't available, you can get their info via:
144 error
144 error     npm owner ls base64
144 error There is likely additional logging output above.
145 verbose exit [ 1, true ]
146 verbose unbuild node_modules/base64
147 info preuninstall base64@2.1.0
148 info uninstall base64@2.1.0
149 verbose unbuild rmStuff base64@2.1.0 from /Users/iobg/node_modules
150 info postuninstall base64@2.1.0
151 silly gentlyRm /Users/iobg/node_modules/base64 is being purged from base /Users/iobg
152 verbose gentlyRm don't care about contents; nuking /Users/iobg/node_modules/base64
153 silly vacuum-fs purging /Users/iobg/node_modules/base64
154 silly vacuum-fs quitting because other entries in /Users/iobg/node_modules
